7279:APP_OPEN:startTime=1713658020973
10802:GENERAL_SHOW_PERSPECTIVE:perspective=org.jkiss.dbeaver.core.perspective
10802:GENERAL_VIEW_OPEN:view=org.jkiss.dbeaver.core.databaseNavigator
10802:GENERAL_VIEW_OPEN:view=org.jkiss.dbeaver.core.projectExplorer
10809:GENERAL_SHOW_PERSPECTIVE:perspective=org.jkiss.dbeaver.core.perspective
10810:GENERAL_VIEW_OPEN:view=org.jkiss.dbeaver.core.databaseNavigator
10810:GENERAL_VIEW_OPEN:view=org.jkiss.dbeaver.core.projectExplorer
11086:CONNECTION_OPEN:driver=mysql:mariaDB
11174:SQL_EDITOR_OPEN:driver=mysql:mariaDB
49741:CONNECTION_TEST:driver=oracle:oracle_thin
451362:SQL_EDITOR_EXECUTE_QUERY
451362:SQL_EDITOR_EXECUTE_QUERY
463299:CONNECTION_CLOSE:driver=mysql:mariaDB
468314:SQL_EDITOR_EXECUTE_QUERY
468314:SQL_EDITOR_EXECUTE_QUERY
468314:CONNECTION_OPEN:driver=mysql:mariaDB
473457:CONNECTION_OPEN:driver=sqlite:sqlite_jdbc
480882:SQL_EDITOR_EXECUTE_QUERY
480882:SQL_EDITOR_EXECUTE_QUERY
533694:CONNECTION_TEST:driver=oracle:oracle_thin
539469:CONNECTION_CREATE:driver=oracle:oracle_thin
543180:CONNECTION_OPEN:driver=oracle:oracle_thin
568146:SQL_EDITOR_EXECUTE_QUERY
568146:SQL_EDITOR_EXECUTE_QUERY
574706:SQL_EDITOR_EXECUTE_QUERY
574706:SQL_EDITOR_EXECUTE_QUERY
582330:SQL_EDITOR_EXECUTE_QUERY
582330:SQL_EDITOR_EXECUTE_QUERY
593554:SQL_EDITOR_EXECUTE_QUERY
593554:SQL_EDITOR_EXECUTE_QUERY
600154:SQL_EDITOR_EXECUTE_QUERY
600154:SQL_EDITOR_EXECUTE_QUERY
616114:SQL_EDITOR_EXECUTE_QUERY
616114:SQL_EDITOR_EXECUTE_QUERY
631290:SQL_EDITOR_EXECUTE_QUERY
631290:SQL_EDITOR_EXECUTE_QUERY
646089:SQL_EDITOR_EXECUTE_QUERY
646089:SQL_EDITOR_EXECUTE_QUERY
650002:SQL_EDITOR_EXECUTE_QUERY
650002:SQL_EDITOR_EXECUTE_QUERY
669350:CONNECTION_TEST:driver=oracle:oracle_thin
674208:CONNECTION_TEST:driver=oracle:oracle_thin
683016:CONNECTION_TEST:driver=oracle:oracle_thin
687723:CONNECTION_CREATE:driver=oracle:oracle_thin
730834:CONNECTION_CLOSE:driver=oracle:oracle_thin
733754:CONNECTION_CLOSE:driver=mysql:mariaDB
736412:CONNECTION_CLOSE:driver=sqlite:sqlite_jdbc
737225:CONNECTION_OPEN:driver=oracle:oracle_thin
