2024-03-31 10:36:18.443 - DBeaver 24.0.1.202403241413 is starting
2024-03-31 10:36:18.444 - OS: Windows 10 10.0 (amd64)
2024-03-31 10:36:18.444 - Java version: 17.0.6 by Eclipse Adoptium (64bit)
2024-03-31 10:36:18.445 - Install path: 'C:\tool\bin\dbeaver'
2024-03-31 10:36:18.445 - Instance path: 'file:/C:/java-workspace/MariaDB 연습/'
2024-03-31 10:36:18.446 - Memory available 64Mb/1024Mb
2024-03-31 10:36:18.457 - Create display
> Start Eclipse IDE UI [org.eclipse.ui.ide 3.22.0.v20231102-1012]
2024-03-31 10:36:18.568 - Initialize desktop platform...
2024-03-31 10:36:18.669 - BounceCastle bundle found. Use JCE provider BC
> Start Core File Systems [org.eclipse.core.filesystem 1.10.200.v20231102-0934]
> Start Core Resource Management [org.eclipse.core.resources 3.20.0.v20231102-0934]
> Start 팀 지원 핵심 [org.eclipse.team.core 3.10.200.v20231106-1240]
> Start DBeaver UI Navigator [org.jkiss.dbeaver.ui.navigator 1.0.127.202403241413]
2024-03-31 10:36:18.858 - 
2024-03-31 10:36:18.858 - 	Refreshing workspace.
2024-03-31 10:36:18.860 - Refreshing workspace contents
2024-03-31 10:36:18.942 - Initialize base platform...
2024-03-31 10:36:18.962 - Platform initialized (394ms)
> Start DBeaver UI Editors - Base [org.jkiss.dbeaver.ui.editors.base 1.0.127.202403241413]
2024-03-31 10:36:19.003 - Starting instance server at http://localhost:50843
2024-03-31 10:36:19.009 - Run workbench
> Start Eclipse e4 작업영역 SWT [org.eclipse.e4.ui.workbench.swt 0.17.200.v20231030-2045]
> Start Eclipse Application Services [org.eclipse.e4.core.services 2.4.200.v20231103-2012]
> Start Eclipse UI Application Services [org.eclipse.e4.ui.services 1.6.200.v20231030-2045]
> Start Eclipse e4 Progress View [org.eclipse.e4.ui.progress 0.4.200.v20231030-2045]
> Start Eclipse Bindings Support [org.eclipse.e4.ui.bindings 0.14.200.v20231030-2045]
> Start Eclipse e4 core commands [org.eclipse.e4.core.commands 1.1.200.v20231108-1058]
> Start EMF XML/XMI Persistence [org.eclipse.emf.ecore.xmi 2.36.0.v20231002-1156]
> Start Eclipse CSS SWT Theme Support [org.eclipse.e4.ui.css.swt.theme 0.14.200.v20230913-1724]
> Start Eclipse e4 작업영역 기능 추가 [org.eclipse.e4.ui.workbench.addons.swt 1.5.200.v20231106-1600]
> Start Eclipse e4 작업영역 SWT 렌더러 [org.eclipse.e4.ui.workbench.renderers.swt 0.16.200.v20231030-2045]
> Start Eclipse Dependency Injection Extensions [org.eclipse.e4.core.di.extensions 0.18.100.v20231103-2012]
> Start Eclipse CSS SWT Support [org.eclipse.e4.ui.css.swt 0.15.200.v20231025-0632]
> Start jna [com.sun.jna 5.13.0.v20230812-1000]
2024-03-31 10:36:20.074 - Configure workbench window
> Start DBeaver SQL Model [org.jkiss.dbeaver.model.sql 1.0.117.202403241413]
2024-03-31 10:36:20.181 - Total database drivers: 112 (112)
> Start 도움말 시스템 코어 [org.eclipse.help 3.10.200.v20231106-1240]
2024-03-31 10:36:20.257 - Create actions
2024-03-31 10:36:20.266 - Disable Eclipse action set 'org.eclipse.ui.edit.text.actionSet.annotationNavigation'
2024-03-31 10:36:20.266 - Disable Eclipse action set 'org.eclipse.ui.WorkingSetActionSet'
2024-03-31 10:36:20.267 - Disable Eclipse action set 'org.eclipse.ui.actionSet.openFiles'
2024-03-31 10:36:20.952 - Initialize workbench window
2024-03-31 10:36:20.954 - Finish initialization
> Start DBeaver UI Editors - Data [org.jkiss.dbeaver.ui.editors.data 1.0.127.202403241413]
> Start 인터넷 연결 관리 사용자 인터페이스 [org.eclipse.ui.net 1.5.200.v20231106-1240]
> Start Internet Connection Management [org.eclipse.core.net 1.5.200.v20231106-1240]
Warning: NLS unused message: actions_navigator__objects in: org.jkiss.dbeaver.ui.editors.sql.internal.SQLEditorMessages
> Start DBeaver UI Editors - SQL [org.jkiss.dbeaver.ui.editors.sql 1.0.127.202403241413]
> Start GEF Classic Draw2d [org.eclipse.draw2d 3.14.100.202311222042]
> Start GEF Classic GEF (MVC) [org.eclipse.gef 3.16.0.202311222042]
> Start DBeaver ERD UI [org.jkiss.dbeaver.erd.ui 3.0.87.202403241413]
> Start DBeaver ERD Model [org.jkiss.dbeaver.erd.model 1.0.87.202403241413]
> Start 기본 문서 편집기 [org.eclipse.ui.editors 3.17.100.v20231106-1600]
> Start 텍스트 편집기 프레임워크 [org.eclipse.ui.workbench.texteditor 3.17.200.v20231106-1600]
> Start DBeaver Sample Database [org.jkiss.dbeaver.ext.sample.database 1.0.164.202403241413]
> Start DBeaver Tip of the day [org.jkiss.dbeaver.ext.ui.tipoftheday 1.0.133.202403241413]
2024-03-31 10:36:24.106 - Open [https://dbeaver.io/product/version.xml]
> Start DBeaver JDBC Model [org.jkiss.dbeaver.model.jdbc 1.0.20.202403241413]
> Start DBeaver Generic Plug-in [org.jkiss.dbeaver.ext.generic 2.3.213.202403241413]
> Start DBeaver SQLite Model [org.jkiss.dbeaver.ext.sqlite 1.0.176.202403241413]
> Start DBeaver UI Editors - Connections [org.jkiss.dbeaver.ui.editors.connection 1.0.118.202403241413]
2024-03-31 10:36:39.809 - Open [https://repo1.maven.org/maven2/org/xerial/sqlite-jdbc/maven-metadata.xml]
2024-03-31 10:36:40.376 - Open [https://repo1.maven.org/maven2/org/xerial/sqlite-jdbc/3.45.2.0/sqlite-jdbc-3.45.2.0.pom]
2024-03-31 10:36:40.559 - Open [https://repo1.maven.org/maven2/org/slf4j/slf4j-api/1.7.36/slf4j-api-1.7.36.pom]
2024-03-31 10:36:40.711 - Open [https://repo1.maven.org/maven2/org/slf4j/slf4j-parent/1.7.36/slf4j-parent-1.7.36.pom]
2024-03-31 10:36:47.427 - Connect with 'DBeaver Sample Database (SQLite)' (dbeaver-sample-database-sqlite-1)
2024-03-31 10:36:47.468 - Execution context opened (DBeaver Sample Database (SQLite); Main; 0)
2024-03-31 10:36:48.970 - Open [https://repo1.maven.org/maven2/org/xerial/sqlite-jdbc/3.45.2.0/sqlite-jdbc-3.45.2.0.jar]
2024-03-31 10:37:35.498 - Open [https://repo1.maven.org/maven2/org/slf4j/slf4j-api/1.7.36/slf4j-api-1.7.36.jar]
2024-03-31 10:37:35.695 - Open [https://www.apache.org/licenses/LICENSE-2.0.txt]
2024-03-31 10:37:36.096 - Connected (dbeaver-sample-database-sqlite-1, SQLite JDBC [3.45.2.0])
2024-03-31 10:37:56.874 - Resource 'meta.org.jkiss.dbeaver.model.navigator.DBNResource.nodeDisplayName.name' not found in bundle org.jkiss.dbeaver.model
2024-03-31 10:37:56.874 - Resource 'meta.org.jkiss.dbeaver.model.navigator.DBNResource.nodeDisplayName.name' not found in bundle org.jkiss.dbeaver.model
2024-03-31 10:37:56.875 - Resource 'meta.org.jkiss.dbeaver.model.navigator.DBNResource.nodeDisplayName.name' not found in bundle org.jkiss.dbeaver.model
2024-03-31 10:38:12.029 - DBeaver is stopping
2024-03-31 10:38:12.029 - Stop instance server
2024-03-31 10:38:13.039 - Instance server has been stopped
2024-03-31 10:38:13.039 - DBeaver shutdown completed
