2024-05-31 23:20:21.891 - DBeaver 24.0.5.202405191503 is starting
2024-05-31 23:20:21.892 - OS: Windows 10 10.0 (amd64)
2024-05-31 23:20:21.893 - Java version: 17.0.6 by Eclipse Adoptium (64bit)
2024-05-31 23:20:21.893 - Install path: 'C:\tool\bin\3 - Dbeaver'
2024-05-31 23:20:21.893 - Instance path: 'file:/C:/java-workspace/MariaDB 연습/'
2024-05-31 23:20:21.894 - Memory available 64Mb/1024Mb
2024-05-31 23:20:21.909 - Create display
2024-05-31 23:20:22.079 - Initialize desktop platform...
2024-05-31 23:20:22.262 - BounceCastle bundle found. Use JCE provider BC
> Start Core File Systems [org.eclipse.core.filesystem 1.10.400.v20240426-1040]
> Start Core Resource Management [org.eclipse.core.resources 3.20.200.v20240426-1040]
> Start 팀 지원 핵심 [org.eclipse.team.core 3.10.400.v20240413-1529]
> Start DBeaver UI Navigator [org.jkiss.dbeaver.ui.navigator 1.0.131.202405191503]
2024-05-31 23:20:22.587 - Initialize base platform...
2024-05-31 23:20:22.621 - Platform initialized (542ms)
> Start DBeaver UI Editors - Base [org.jkiss.dbeaver.ui.editors.base 1.0.131.202405191503]
2024-05-31 23:20:22.688 - Starting instance server at http://localhost:50264
2024-05-31 23:20:22.711 - Run workbench
> Start Eclipse e4 작업영역 SWT [org.eclipse.e4.ui.workbench.swt 0.17.400.v20240425-0840]
> Start Eclipse Application Services [org.eclipse.e4.core.services 2.4.400.v20240413-1529]
> Start Eclipse UI Application Services [org.eclipse.e4.ui.services 1.6.300.v20231201-1637]
> Start Eclipse e4 Progress View [org.eclipse.e4.ui.progress 0.4.400.v20240424-0956]
> Start Eclipse Bindings Support [org.eclipse.e4.ui.bindings 0.14.400.v20240321-1245]
> Start Eclipse e4 core commands [org.eclipse.e4.core.commands 1.1.400.v20240424-0444]
> Start EMF XML/XMI Persistence [org.eclipse.emf.ecore.xmi 2.37.0.v20231208-1346]
> Start Eclipse CSS SWT Theme Support [org.eclipse.e4.ui.css.swt.theme 0.14.400.v20240424-0956]
> Start Eclipse e4 작업영역 기능 추가 [org.eclipse.e4.ui.workbench.addons.swt 1.5.400.v20240416-0658]
Warning: NLS unused message: 이유 in: org.eclipse.ui.internal.messages
> Start Eclipse e4 작업영역 SWT 렌더러 [org.eclipse.e4.ui.workbench.renderers.swt 0.16.400.v20240418-1547]
> Start Eclipse Dependency Injection Extensions [org.eclipse.e4.core.di.extensions 0.18.300.v20240413-1529]
> Start Eclipse CSS SWT Support [org.eclipse.e4.ui.css.swt 0.15.400.v20240321-1245]
2024-05-31 23:20:29.121 - Configure workbench window
> Start DBeaver SQL Model [org.jkiss.dbeaver.model.sql 1.0.121.202405191503]
2024-05-31 23:20:29.289 - Total database drivers: 118 (118)
> Start 도움말 시스템 코어 [org.eclipse.help 3.10.400.v20240415-0528]
2024-05-31 23:20:29.392 - Create actions
2024-05-31 23:20:29.400 - Disable Eclipse action set 'org.eclipse.ui.edit.text.actionSet.annotationNavigation'
2024-05-31 23:20:29.401 - Disable Eclipse action set 'org.eclipse.ui.WorkingSetActionSet'
2024-05-31 23:20:29.401 - Disable Eclipse action set 'org.eclipse.ui.actionSet.openFiles'
2024-05-31 23:20:29.401 - Create workbench actions
2024-05-31 23:20:29.742 - Initialize workbench window
2024-05-31 23:20:29.746 - Finish initialization
> Start DBeaver UI Editors - Data [org.jkiss.dbeaver.ui.editors.data 1.0.131.202405191503]
> Start 인터넷 연결 관리 사용자 인터페이스 [org.eclipse.ui.net 1.5.400.v20240413-1529]
> Start Internet Connection Management [org.eclipse.core.net 1.5.400.v20240413-1529]
Warning: NLS unused message: actions_navigator__objects in: org.jkiss.dbeaver.ui.editors.sql.internal.SQLEditorMessages
> Start DBeaver UI Editors - SQL [org.jkiss.dbeaver.ui.editors.sql 1.0.131.202405191503]
> Start DBeaver Sample Database [org.jkiss.dbeaver.ext.sample.database 1.0.168.202405191503]
> Start DBeaver Tip of the day [org.jkiss.dbeaver.ext.ui.tipoftheday 1.0.137.202405191503]
> Start GEF Classic Draw2d [org.eclipse.draw2d 3.16.0.202405011806]
> Start GEF Classic GEF (MVC) [org.eclipse.gef 3.18.0.202405011806]
> Start DBeaver ERD UI [org.jkiss.dbeaver.erd.ui 3.0.91.202405191503]
> Start DBeaver ERD Model [org.jkiss.dbeaver.erd.model 1.0.91.202405191503]
> Start DBeaver Dashboard UI [org.jkiss.dbeaver.ui.dashboard 1.0.128.202405191503]
> Start DBeaver Dashboards Model [org.jkiss.dbeaver.model.dashboard 1.0.4.202405191503]
> Start 기본 문서 편집기 [org.eclipse.ui.editors 3.17.300.v20240416-0658]
> Start 텍스트 편집기 프레임워크 [org.eclipse.ui.workbench.texteditor 3.17.400.v20240424-0941]
> Start DBeaver UI Editors - Connections [org.jkiss.dbeaver.ui.editors.connection 1.0.122.202405191503]
> Start DBeaver Oracle UI [org.jkiss.dbeaver.ext.oracle.ui 1.0.118.202405191503]
> Start DBeaver Oracle Model [org.jkiss.dbeaver.ext.oracle 2.1.216.202405191503]
> Start DBeaver JDBC Model [org.jkiss.dbeaver.model.jdbc 1.0.24.202405191503]
2024-05-31 23:20:42.374 - Unrecognized Oracle client version at %ORACLE_HOME%
2024-05-31 23:20:42.380 - Unrecognized Oracle client version at C:\app\JINHYUN\product\21c\dbhomeXE
2024-05-31 23:20:42.498 - Auth model 'native' was replaced by 'oracle_native'
2024-05-31 23:20:42.517 - Service 'org.jkiss.dbeaver.runtime.ui.UIServiceSecurity' not found
2024-05-31 23:20:51.816 - Connect with 'jdbc:oracle:thin:@//localhost:1521/xe' (oracle_thin-18fcf065c9a-1d9ac5bc4c13b0b6)
2024-05-31 23:20:51.856 - Execution context opened (jdbc:oracle:thin:@//localhost:1521/xe; Main; 0)
2024-05-31 23:20:52.732 - Connected (oracle_thin-18fcf065c9a-1d9ac5bc4c13b0b6, Oracle JDBC driver [23.2.0.0.0])
2024-05-31 23:20:52.745 - Execution context closed (jdbc:oracle:thin:@//localhost:1521/xe, 0)
2024-05-31 23:20:52.745 - Disconnected (oracle_thin-18fcf065c9a-1d9ac5bc4c13b0b6)
2024-05-31 23:20:58.939 - Connect with 'localhost' (oracle_thin-18fcf0637fc-be0d00b1609e47a)
2024-05-31 23:20:58.940 - Execution context opened (localhost; Main; 1)
2024-05-31 23:20:58.995 - Execution context opened (localhost; Metadata; 2)
2024-05-31 23:20:59.050 - Connected (oracle_thin-18fcf0637fc-be0d00b1609e47a, Oracle JDBC driver [23.2.0.0.0])
Warning: NLS unused message: FindReplace_title in: org.eclipse.ui.texteditor.EditorMessages
Warning: NLS unused message: FindReplace_Find_label in: org.eclipse.ui.texteditor.EditorMessages
Warning: NLS unused message: FindReplace_Replace_label in: org.eclipse.ui.texteditor.EditorMessages
Warning: NLS unused message: FindReplace_Direction in: org.eclipse.ui.texteditor.EditorMessages
Warning: NLS unused message: FindReplace_ForwardRadioButton_label in: org.eclipse.ui.texteditor.EditorMessages
Warning: NLS unused message: FindReplace_BackwardRadioButton_label in: org.eclipse.ui.texteditor.EditorMessages
Warning: NLS unused message: FindReplace_Scope in: org.eclipse.ui.texteditor.EditorMessages
Warning: NLS unused message: FindReplace_GlobalRadioButton_label in: org.eclipse.ui.texteditor.EditorMessages
Warning: NLS unused message: FindReplace_SelectedRangeRadioButton_label in: org.eclipse.ui.texteditor.EditorMessages
Warning: NLS unused message: FindReplace_Options in: org.eclipse.ui.texteditor.EditorMessages
Warning: NLS unused message: FindReplace_CaseCheckBox_label in: org.eclipse.ui.texteditor.EditorMessages
Warning: NLS unused message: FindReplace_WrapCheckBox_label in: org.eclipse.ui.texteditor.EditorMessages
Warning: NLS unused message: FindReplace_WholeWordCheckBox_label in: org.eclipse.ui.texteditor.EditorMessages
Warning: NLS unused message: FindReplace_IncrementalCheckBox_label in: org.eclipse.ui.texteditor.EditorMessages
Warning: NLS unused message: FindReplace_RegExCheckbox_label in: org.eclipse.ui.texteditor.EditorMessages
Warning: NLS unused message: FindReplace_FindNextButton_label in: org.eclipse.ui.texteditor.EditorMessages
Warning: NLS unused message: FindReplace_ReplaceFindButton_label in: org.eclipse.ui.texteditor.EditorMessages
Warning: NLS unused message: FindReplace_ReplaceSelectionButton_label in: org.eclipse.ui.texteditor.EditorMessages
Warning: NLS unused message: FindReplace_ReplaceAllButton_label in: org.eclipse.ui.texteditor.EditorMessages
Warning: NLS unused message: FindReplace_SelectAllButton_label in: org.eclipse.ui.texteditor.EditorMessages
Warning: NLS unused message: FindReplace_CloseButton_label in: org.eclipse.ui.texteditor.EditorMessages
Warning: NLS unused message: FindReplace_Status_replacements_label in: org.eclipse.ui.texteditor.EditorMessages
> Start DBeaver SQL Terminal [org.jkiss.dbeaver.ui.editors.sql.terminal 1.0.107.202405191503]
> Start 핵심 비교 지원 [org.eclipse.compare.core 3.8.500.v20240415-1311]
> Start 콘솔 [org.eclipse.ui.console 3.14.100.v20240413-1529]
> Start 디버그 핵심 [org.eclipse.debug.core 3.21.400.v20240415-0528]
2024-05-31 23:21:04.868 - Execution context opened (localhost; SQLEditor <Script.sql>; 3)
> Start DBeaver Tasks - Native Tools UI [org.jkiss.dbeaver.tasks.native.ui 1.0.109.202405191503]
> Start DBeaver Tasks - General UI [org.jkiss.dbeaver.tasks.ui 1.0.109.202405191503]
> Start DBeaver SQL Language Semantic Model [org.jkiss.dbeaver.model.lsm 1.0.26.202405191503]
2024-05-31 23:41:23.513 - SQL Error [65096] [99999]: ORA-65096: 공통 사용자 또는 롤 이름이 부적합합니다.


Error position: line: 1 pos: 12
org.jkiss.dbeaver.model.sql.DBSQLException: SQL Error [65096] [99999]: ORA-65096: 공통 사용자 또는 롤 이름이 부적합합니다.

	at org.jkiss.dbeaver.model.impl.jdbc.exec.JDBCStatementImpl.executeStatement(JDBCStatementImpl.java:133)
	at org.jkiss.dbeaver.ui.editors.sql.execute.SQLQueryJob.executeStatement(SQLQueryJob.java:614)
	at org.jkiss.dbeaver.ui.editors.sql.execute.SQLQueryJob.lambda$2(SQLQueryJob.java:505)
	at org.jkiss.dbeaver.model.exec.DBExecUtils.tryExecuteRecover(DBExecUtils.java:194)
	at org.jkiss.dbeaver.ui.editors.sql.execute.SQLQueryJob.executeSingleQuery(SQLQueryJob.java:524)
	at org.jkiss.dbeaver.ui.editors.sql.execute.SQLQueryJob.extractData(SQLQueryJob.java:976)
	at org.jkiss.dbeaver.ui.editors.sql.SQLEditor$QueryResultsContainer.readData(SQLEditor.java:4155)
	at org.jkiss.dbeaver.ui.controls.resultset.ResultSetJobDataRead.lambda$0(ResultSetJobDataRead.java:123)
	at org.jkiss.dbeaver.model.exec.DBExecUtils.tryExecuteRecover(DBExecUtils.java:194)
	at org.jkiss.dbeaver.ui.controls.resultset.ResultSetJobDataRead.run(ResultSetJobDataRead.java:121)
	at org.jkiss.dbeaver.ui.controls.resultset.ResultSetViewer$ResultSetDataPumpJob.run(ResultSetViewer.java:5148)
	at org.jkiss.dbeaver.model.runtime.AbstractJob.run(AbstractJob.java:115)
	at org.eclipse.core.internal.jobs.Worker.run(Worker.java:63)
Caused by: java.sql.SQLException: ORA-65096: 공통 사용자 또는 롤 이름이 부적합합니다.

	at oracle.jdbc.driver.T4CTTIoer11.processError(T4CTTIoer11.java:702)
	at oracle.jdbc.driver.T4CTTIoer11.processError(T4CTTIoer11.java:608)
	at oracle.jdbc.driver.T4C8Oall.processError(T4C8Oall.java:1335)
	at oracle.jdbc.driver.T4CTTIfun.receive(T4CTTIfun.java:1041)
	at oracle.jdbc.driver.T4CTTIfun.doRPC(T4CTTIfun.java:443)
	at oracle.jdbc.driver.T4C8Oall.doOALL(T4C8Oall.java:533)
	at oracle.jdbc.driver.T4CStatement.doOall8(T4CStatement.java:176)
	at oracle.jdbc.driver.T4CStatement.executeForRows(T4CStatement.java:1305)
	at oracle.jdbc.driver.OracleStatement.executeSQLStatement(OracleStatement.java:1877)
	at oracle.jdbc.driver.OracleStatement.doExecuteWithTimeout(OracleStatement.java:1520)
	at oracle.jdbc.driver.OracleStatement.executeInternal(OracleStatement.java:2557)
	at oracle.jdbc.driver.OracleStatement.execute(OracleStatement.java:2506)
	at oracle.jdbc.driver.OracleStatementWrapper.execute(OracleStatementWrapper.java:334)
	at org.jkiss.dbeaver.model.impl.jdbc.exec.JDBCStatementImpl.execute(JDBCStatementImpl.java:330)
	at org.jkiss.dbeaver.model.impl.jdbc.exec.JDBCStatementImpl.executeStatement(JDBCStatementImpl.java:131)
	... 12 more
Caused by: Error : 65096, Position : 12, SQL = CREATE USER BJH
IDENTIFIED BY "1234", Original SQL = CREATE USER BJH
IDENTIFIED BY "1234", Error Message = ORA-65096: 공통 사용자 또는 롤 이름이 부적합합니다.

	at oracle.jdbc.driver.T4CTTIoer11.processError(T4CTTIoer11.java:710)
	... 26 more
> Start DBeaver Data Transfer [org.jkiss.dbeaver.data.transfer 2.0.115.202405191503]
2024-05-31 23:43:00.623 - Auth model 'native' was replaced by 'oracle_native'
2024-05-31 23:43:00.639 - Service 'org.jkiss.dbeaver.runtime.ui.UIServiceSecurity' not found
2024-05-31 23:43:11.243 - Connect with 'jdbc:oracle:thin:@//localhost:1521/xe' (oracle_thin-18fcf1accf3-7171e4780b735eec)
2024-05-31 23:43:11.244 - Execution context opened (jdbc:oracle:thin:@//localhost:1521/xe; Main; 4)
2024-05-31 23:43:11.349 - Connected (oracle_thin-18fcf1accf3-7171e4780b735eec, Oracle JDBC driver [23.2.0.0.0])
2024-05-31 23:43:11.363 - Execution context closed (jdbc:oracle:thin:@//localhost:1521/xe, 4)
2024-05-31 23:43:11.363 - Disconnected (oracle_thin-18fcf1accf3-7171e4780b735eec)
2024-05-31 23:43:18.883 - Connect with 'localhost 2' (oracle_thin-18fcf1aa332-2e25f5e77e94d035)
2024-05-31 23:43:18.884 - Execution context opened (localhost 2; Main; 5)
2024-05-31 23:43:18.931 - Execution context opened (localhost 2; Metadata; 6)
2024-05-31 23:43:18.984 - Connected (oracle_thin-18fcf1aa332-2e25f5e77e94d035, Oracle JDBC driver [23.2.0.0.0])
> Start DBeaver Tasks View [org.jkiss.dbeaver.tasks.ui.view 1.0.80.202405191503]
> Start Data Transfer UI [org.jkiss.dbeaver.data.transfer.ui 1.0.115.202405191503]
2024-05-31 23:43:32.790 - Service 'org.jkiss.dbeaver.runtime.ui.UIServiceSecurity' not found
2024-05-31 23:43:38.240 - Execution context closed (localhost, 3)
2024-05-31 23:43:38.280 - Execution context opened (localhost 2; SQLEditor <id.sql>; 7)
2024-05-31 23:44:19.757 - Execution context closed (BJH, 7)
2024-05-31 23:44:20.205 - DBeaver is stopping
2024-05-31 23:44:20.205 - Stop instance server
2024-05-31 23:44:21.210 - Instance server has been stopped
2024-05-31 23:44:21.210 - DBeaver shutdown completed
