2024-03-31 10:38:15.378 - DBeaver 24.0.1.202403241413 is starting
2024-03-31 10:38:15.379 - OS: Windows 10 10.0 (amd64)
2024-03-31 10:38:15.379 - Java version: 17.0.6 by Eclipse Adoptium (64bit)
2024-03-31 10:38:15.379 - Install path: 'C:\tool\bin\dbeaver'
2024-03-31 10:38:15.379 - Instance path: 'file:/C:/java-workspace/MariaDB 연습/'
2024-03-31 10:38:15.381 - Memory available 64Mb/1024Mb
2024-03-31 10:38:15.387 - Create display
> Start Eclipse IDE UI [org.eclipse.ui.ide 3.22.0.v20231102-1012]
2024-03-31 10:38:15.491 - Initialize desktop platform...
2024-03-31 10:38:15.595 - BounceCastle bundle found. Use JCE provider BC
> Start Core File Systems [org.eclipse.core.filesystem 1.10.200.v20231102-0934]
> Start Core Resource Management [org.eclipse.core.resources 3.20.0.v20231102-0934]
> Start 팀 지원 핵심 [org.eclipse.team.core 3.10.200.v20231106-1240]
> Start DBeaver UI Navigator [org.jkiss.dbeaver.ui.navigator 1.0.127.202403241413]
2024-03-31 10:38:15.746 - Initialize base platform...
2024-03-31 10:38:15.763 - Platform initialized (272ms)
> Start DBeaver UI Editors - Base [org.jkiss.dbeaver.ui.editors.base 1.0.127.202403241413]
2024-03-31 10:38:15.802 - Starting instance server at http://localhost:50870
2024-03-31 10:38:15.807 - Run workbench
> Start Eclipse e4 작업영역 SWT [org.eclipse.e4.ui.workbench.swt 0.17.200.v20231030-2045]
> Start Eclipse Application Services [org.eclipse.e4.core.services 2.4.200.v20231103-2012]
> Start Eclipse UI Application Services [org.eclipse.e4.ui.services 1.6.200.v20231030-2045]
> Start Eclipse e4 Progress View [org.eclipse.e4.ui.progress 0.4.200.v20231030-2045]
> Start Eclipse Bindings Support [org.eclipse.e4.ui.bindings 0.14.200.v20231030-2045]
> Start Eclipse e4 core commands [org.eclipse.e4.core.commands 1.1.200.v20231108-1058]
> Start EMF XML/XMI Persistence [org.eclipse.emf.ecore.xmi 2.36.0.v20231002-1156]
> Start Eclipse CSS SWT Theme Support [org.eclipse.e4.ui.css.swt.theme 0.14.200.v20230913-1724]
> Start Eclipse e4 작업영역 기능 추가 [org.eclipse.e4.ui.workbench.addons.swt 1.5.200.v20231106-1600]
> Start Eclipse e4 작업영역 SWT 렌더러 [org.eclipse.e4.ui.workbench.renderers.swt 0.16.200.v20231030-2045]
> Start Eclipse Dependency Injection Extensions [org.eclipse.e4.core.di.extensions 0.18.100.v20231103-2012]
> Start Eclipse CSS SWT Support [org.eclipse.e4.ui.css.swt 0.15.200.v20231025-0632]
2024-03-31 10:38:16.988 - Configure workbench window
> Start DBeaver SQL Model [org.jkiss.dbeaver.model.sql 1.0.117.202403241413]
2024-03-31 10:38:17.104 - Total database drivers: 112 (112)
> Start 도움말 시스템 코어 [org.eclipse.help 3.10.200.v20231106-1240]
2024-03-31 10:38:17.169 - Create actions
2024-03-31 10:38:17.174 - Disable Eclipse action set 'org.eclipse.ui.edit.text.actionSet.annotationNavigation'
2024-03-31 10:38:17.175 - Disable Eclipse action set 'org.eclipse.ui.WorkingSetActionSet'
2024-03-31 10:38:17.175 - Disable Eclipse action set 'org.eclipse.ui.actionSet.openFiles'
> Start jna [com.sun.jna 5.13.0.v20230812-1000]
2024-03-31 10:38:17.597 - Initialize workbench window
2024-03-31 10:38:17.602 - Finish initialization
> Start 기본 문서 편집기 [org.eclipse.ui.editors 3.17.100.v20231106-1600]
> Start 텍스트 편집기 프레임워크 [org.eclipse.ui.workbench.texteditor 3.17.200.v20231106-1600]
> Start GEF Classic Draw2d [org.eclipse.draw2d 3.14.100.202311222042]
> Start GEF Classic GEF (MVC) [org.eclipse.gef 3.16.0.202311222042]
> Start DBeaver ERD UI [org.jkiss.dbeaver.erd.ui 3.0.87.202403241413]
> Start DBeaver ERD Model [org.jkiss.dbeaver.erd.model 1.0.87.202403241413]
Warning: NLS unused message: actions_navigator__objects in: org.jkiss.dbeaver.ui.editors.sql.internal.SQLEditorMessages
> Start DBeaver UI Editors - SQL [org.jkiss.dbeaver.ui.editors.sql 1.0.127.202403241413]
> Start DBeaver UI Editors - Data [org.jkiss.dbeaver.ui.editors.data 1.0.127.202403241413]
> Start 인터넷 연결 관리 사용자 인터페이스 [org.eclipse.ui.net 1.5.200.v20231106-1240]
> Start Internet Connection Management [org.eclipse.core.net 1.5.200.v20231106-1240]
> Start DBeaver Sample Database [org.jkiss.dbeaver.ext.sample.database 1.0.164.202403241413]
> Start DBeaver Tip of the day [org.jkiss.dbeaver.ext.ui.tipoftheday 1.0.133.202403241413]
2024-03-31 10:38:18.646 - Resource 'meta.org.jkiss.dbeaver.model.navigator.DBNResource.nodeDisplayName.name' not found in bundle org.jkiss.dbeaver.model
2024-03-31 10:38:18.647 - Resource 'meta.org.jkiss.dbeaver.model.navigator.DBNResource.nodeDisplayName.name' not found in bundle org.jkiss.dbeaver.model
2024-03-31 10:38:18.648 - Resource 'meta.org.jkiss.dbeaver.model.navigator.DBNResource.nodeDisplayName.name' not found in bundle org.jkiss.dbeaver.model
> Start DBeaver UI Editors - Connections [org.jkiss.dbeaver.ui.editors.connection 1.0.118.202403241413]
> Start DBeaver MySQL UI Support [org.jkiss.dbeaver.ext.mysql.ui 1.0.119.202403241413]
> Start DBeaver JDBC Model [org.jkiss.dbeaver.model.jdbc 1.0.20.202403241413]
> Start DBeaver MySQL Support [org.jkiss.dbeaver.ext.mysql 2.1.212.202403241413]
2024-03-31 10:39:35.399 - Service 'org.jkiss.dbeaver.runtime.ui.UIServiceSecurity' not found
2024-03-31 10:39:43.776 - Service 'org.jkiss.dbeaver.runtime.ui.UIServiceSecurity' not found
> Start DBeaver GIS Support [org.jkiss.dbeaver.data.gis 1.0.151.202403241413]
2024-03-31 10:41:08.331 - Service 'org.jkiss.dbeaver.runtime.ui.UIServiceSecurity' not found
2024-03-31 10:41:16.759 - Open [https://repo1.maven.org/maven2/org/mariadb/jdbc/mariadb-java-client/3.3.2/mariadb-java-client-3.3.2.pom]
2024-03-31 10:41:17.650 - Open [https://repo1.maven.org/maven2/org/junit/junit-bom/5.7.0/junit-bom-5.7.0.pom]
2024-03-31 10:41:17.800 - Open [https://repo1.maven.org/maven2/software/amazon/awssdk/bom/2.21.1/bom-2.21.1.pom]
2024-03-31 10:41:18.109 - Open [https://repo1.maven.org/maven2/software/amazon/awssdk/aws-sdk-java-pom/2.21.1/aws-sdk-java-pom-2.21.1.pom]
2024-03-31 10:41:18.317 - Open [https://repo1.maven.org/maven2/com/github/waffle/waffle-jna/3.3.0/waffle-jna-3.3.0.pom]
2024-03-31 10:41:18.465 - Open [https://repo1.maven.org/maven2/com/github/waffle/waffle-parent/3.3.0/waffle-parent-3.3.0.pom]
2024-03-31 10:41:18.647 - Open [https://repo1.maven.org/maven2/net/java/dev/jna/jna/5.13.0/jna-5.13.0.pom]
2024-03-31 10:41:18.797 - Open [https://repo1.maven.org/maven2/net/java/dev/jna/jna-platform/5.13.0/jna-platform-5.13.0.pom]
2024-03-31 10:41:18.943 - Open [https://repo1.maven.org/maven2/org/slf4j/jcl-over-slf4j/2.0.7/jcl-over-slf4j-2.0.7.pom]
2024-03-31 10:41:19.089 - Open [https://repo1.maven.org/maven2/org/slf4j/slf4j-parent/2.0.7/slf4j-parent-2.0.7.pom]
2024-03-31 10:41:19.243 - Open [https://repo1.maven.org/maven2/org/slf4j/slf4j-api/2.0.7/slf4j-api-2.0.7.pom]
2024-03-31 10:41:19.389 - Open [https://repo1.maven.org/maven2/com/github/ben-manes/caffeine/caffeine/2.9.3/caffeine-2.9.3.pom]
2024-03-31 10:41:19.534 - Open [https://repo1.maven.org/maven2/org/checkerframework/checker-qual/3.32.0/checker-qual-3.32.0.pom]
2024-03-31 10:41:19.681 - Open [https://repo1.maven.org/maven2/org/checkerframework/checker-qual/3.19.0/checker-qual-3.19.0.pom]
2024-03-31 10:41:19.827 - Open [https://repo1.maven.org/maven2/com/google/errorprone/error_prone_annotations/2.10.0/error_prone_annotations-2.10.0.pom]
2024-03-31 10:41:19.974 - Open [https://repo1.maven.org/maven2/com/google/errorprone/error_prone_parent/2.10.0/error_prone_parent-2.10.0.pom]
2024-03-31 10:41:24.951 - Open [https://repo1.maven.org/maven2/org/mariadb/jdbc/mariadb-java-client/3.3.2/mariadb-java-client-3.3.2.jar]
2024-03-31 10:41:25.431 - Open [https://repo1.maven.org/maven2/com/github/waffle/waffle-jna/3.3.0/waffle-jna-3.3.0.jar]
2024-03-31 10:41:25.578 - Open [https://repo1.maven.org/maven2/net/java/dev/jna/jna/5.13.0/jna-5.13.0.jar]
2024-03-31 10:41:26.005 - Open [https://repo1.maven.org/maven2/net/java/dev/jna/jna-platform/5.13.0/jna-platform-5.13.0.jar]
2024-03-31 10:41:26.182 - Open [https://repo1.maven.org/maven2/org/slf4j/jcl-over-slf4j/2.0.7/jcl-over-slf4j-2.0.7.jar]
2024-03-31 10:41:26.321 - Open [https://repo1.maven.org/maven2/org/slf4j/slf4j-api/2.0.7/slf4j-api-2.0.7.jar]
2024-03-31 10:41:26.461 - Open [https://repo1.maven.org/maven2/com/github/ben-manes/caffeine/caffeine/2.9.3/caffeine-2.9.3.jar]
2024-03-31 10:41:26.759 - Open [https://repo1.maven.org/maven2/org/checkerframework/checker-qual/3.32.0/checker-qual-3.32.0.jar]
2024-03-31 10:41:26.912 - Open [https://repo1.maven.org/maven2/org/checkerframework/checker-qual/3.19.0/checker-qual-3.19.0.jar]
2024-03-31 10:41:27.063 - Open [https://repo1.maven.org/maven2/com/google/errorprone/error_prone_annotations/2.10.0/error_prone_annotations-2.10.0.jar]
2024-03-31 10:41:27.203 - Open [https://www.gnu.org/licenses/old-licenses/lgpl-2.1.txt]
2024-03-31 10:41:28.074 - Connect with 'localhost' (mariaDB-18e922ae3d1-217e126806b0cdd5)
2024-03-31 10:41:28.106 - Execution context opened (localhost; Main; 0)
SLF4J: No SLF4J providers were found.
SLF4J: Defaulting to no-operation (NOP) logger implementation
SLF4J: See https://www.slf4j.org/codes.html#noProviders for further details.
2024-03-31 10:41:28.222 - Execution context opened (localhost; Metadata; 1)
2024-03-31 10:41:28.245 - Charset 'null' not found.
2024-03-31 10:41:28.248 - Charset 'null' not found.
2024-03-31 10:41:28.249 - Charset 'null' not found.
2024-03-31 10:41:28.249 - Charset 'null' not found.
2024-03-31 10:41:28.249 - Charset 'null' not found.
2024-03-31 10:41:28.250 - Charset 'null' not found.
2024-03-31 10:41:28.250 - Charset 'null' not found.
2024-03-31 10:41:28.251 - Charset 'null' not found.
2024-03-31 10:41:28.251 - Charset 'null' not found.
2024-03-31 10:41:28.252 - Charset 'null' not found.
2024-03-31 10:41:28.252 - Charset 'null' not found.
2024-03-31 10:41:28.252 - Charset 'null' not found.
2024-03-31 10:41:28.253 - Charset 'null' not found.
2024-03-31 10:41:28.253 - Charset 'null' not found.
2024-03-31 10:41:28.254 - Charset 'null' not found.
2024-03-31 10:41:28.254 - Charset 'null' not found.
2024-03-31 10:41:28.255 - Charset 'null' not found.
2024-03-31 10:41:28.255 - Charset 'null' not found.
2024-03-31 10:41:28.256 - Charset 'null' not found.
2024-03-31 10:41:28.256 - Charset 'null' not found.
2024-03-31 10:41:28.256 - Charset 'null' not found.
2024-03-31 10:41:28.257 - Charset 'null' not found.
2024-03-31 10:41:28.257 - Charset 'null' not found.
2024-03-31 10:41:28.258 - Charset 'null' not found.
2024-03-31 10:41:28.258 - Charset 'null' not found.
2024-03-31 10:41:28.258 - Charset 'null' not found.
2024-03-31 10:41:28.259 - Charset 'null' not found.
2024-03-31 10:41:28.259 - Charset 'null' not found.
2024-03-31 10:41:28.260 - Charset 'null' not found.
2024-03-31 10:41:28.260 - Charset 'null' not found.
2024-03-31 10:41:28.261 - Charset 'null' not found.
2024-03-31 10:41:28.261 - Charset 'null' not found.
2024-03-31 10:41:28.261 - Charset 'null' not found.
2024-03-31 10:41:28.262 - Charset 'null' not found.
2024-03-31 10:41:28.262 - Charset 'null' not found.
2024-03-31 10:41:28.263 - Charset 'null' not found.
2024-03-31 10:41:28.263 - Charset 'null' not found.
2024-03-31 10:41:28.263 - Charset 'null' not found.
2024-03-31 10:41:28.264 - Charset 'null' not found.
2024-03-31 10:41:28.264 - Charset 'null' not found.
2024-03-31 10:41:28.265 - Charset 'null' not found.
2024-03-31 10:41:28.265 - Charset 'null' not found.
2024-03-31 10:41:28.265 - Charset 'null' not found.
2024-03-31 10:41:28.266 - Charset 'null' not found.
2024-03-31 10:41:28.266 - Charset 'null' not found.
2024-03-31 10:41:28.266 - Charset 'null' not found.
2024-03-31 10:41:28.267 - Charset 'null' not found.
2024-03-31 10:41:28.267 - Charset 'null' not found.
2024-03-31 10:41:28.268 - Charset 'null' not found.
2024-03-31 10:41:28.268 - Charset 'null' not found.
2024-03-31 10:41:28.268 - Charset 'null' not found.
2024-03-31 10:41:28.269 - Charset 'null' not found.
2024-03-31 10:41:28.269 - Charset 'null' not found.
2024-03-31 10:41:28.270 - Charset 'null' not found.
2024-03-31 10:41:28.270 - Charset 'null' not found.
2024-03-31 10:41:28.271 - Charset 'null' not found.
2024-03-31 10:41:28.271 - Charset 'null' not found.
2024-03-31 10:41:28.271 - Charset 'null' not found.
2024-03-31 10:41:28.272 - Charset 'null' not found.
2024-03-31 10:41:28.272 - Charset 'null' not found.
2024-03-31 10:41:28.273 - Charset 'null' not found.
2024-03-31 10:41:28.273 - Charset 'null' not found.
2024-03-31 10:41:28.273 - Charset 'null' not found.
2024-03-31 10:41:28.274 - Charset 'null' not found.
2024-03-31 10:41:28.274 - Charset 'null' not found.
2024-03-31 10:41:28.275 - Charset 'null' not found.
2024-03-31 10:41:28.275 - Charset 'null' not found.
2024-03-31 10:41:28.275 - Charset 'null' not found.
2024-03-31 10:41:28.276 - Charset 'null' not found.
2024-03-31 10:41:28.276 - Charset 'null' not found.
2024-03-31 10:41:28.277 - Charset 'null' not found.
2024-03-31 10:41:28.277 - Charset 'null' not found.
2024-03-31 10:41:28.277 - Charset 'null' not found.
2024-03-31 10:41:28.278 - Charset 'null' not found.
2024-03-31 10:41:28.278 - Charset 'null' not found.
2024-03-31 10:41:28.279 - Charset 'null' not found.
2024-03-31 10:41:28.279 - Charset 'null' not found.
2024-03-31 10:41:28.279 - Charset 'null' not found.
2024-03-31 10:41:28.280 - Charset 'null' not found.
2024-03-31 10:41:28.280 - Charset 'null' not found.
2024-03-31 10:41:28.281 - Charset 'null' not found.
2024-03-31 10:41:28.281 - Charset 'null' not found.
2024-03-31 10:41:28.281 - Charset 'null' not found.
2024-03-31 10:41:28.282 - Charset 'null' not found.
2024-03-31 10:41:28.282 - Charset 'null' not found.
2024-03-31 10:41:28.283 - Charset 'null' not found.
2024-03-31 10:41:28.283 - Charset 'null' not found.
2024-03-31 10:41:28.284 - Charset 'null' not found.
2024-03-31 10:41:28.284 - Charset 'null' not found.
2024-03-31 10:41:28.284 - Charset 'null' not found.
2024-03-31 10:41:28.285 - Charset 'null' not found.
2024-03-31 10:41:28.285 - Charset 'null' not found.
2024-03-31 10:41:28.286 - Charset 'null' not found.
2024-03-31 10:41:28.286 - Charset 'null' not found.
2024-03-31 10:41:28.286 - Charset 'null' not found.
2024-03-31 10:41:28.287 - Charset 'null' not found.
2024-03-31 10:41:28.287 - Charset 'null' not found.
2024-03-31 10:41:28.287 - Charset 'null' not found.
2024-03-31 10:41:28.288 - Charset 'null' not found.
2024-03-31 10:41:28.288 - Charset 'null' not found.
2024-03-31 10:41:28.289 - Charset 'null' not found.
2024-03-31 10:41:28.289 - Charset 'null' not found.
2024-03-31 10:41:28.289 - Charset 'null' not found.
2024-03-31 10:41:28.290 - Charset 'null' not found.
2024-03-31 10:41:28.290 - Charset 'null' not found.
2024-03-31 10:41:28.291 - Charset 'null' not found.
2024-03-31 10:41:28.291 - Charset 'null' not found.
2024-03-31 10:41:28.291 - Charset 'null' not found.
2024-03-31 10:41:28.292 - Charset 'null' not found.
2024-03-31 10:41:28.292 - Charset 'null' not found.
2024-03-31 10:41:28.292 - Charset 'null' not found.
2024-03-31 10:41:28.293 - Charset 'null' not found.
2024-03-31 10:41:28.293 - Charset 'null' not found.
2024-03-31 10:41:28.294 - Charset 'null' not found.
2024-03-31 10:41:28.294 - Charset 'null' not found.
2024-03-31 10:41:28.295 - Charset 'null' not found.
2024-03-31 10:41:28.295 - Charset 'null' not found.
2024-03-31 10:41:28.296 - Charset 'null' not found.
2024-03-31 10:41:28.296 - Charset 'null' not found.
2024-03-31 10:41:28.296 - Charset 'null' not found.
2024-03-31 10:41:28.297 - Charset 'null' not found.
2024-03-31 10:41:28.297 - Charset 'null' not found.
2024-03-31 10:41:28.298 - Charset 'null' not found.
2024-03-31 10:41:28.298 - Charset 'null' not found.
2024-03-31 10:41:28.298 - Charset 'null' not found.
2024-03-31 10:41:28.299 - Charset 'null' not found.
2024-03-31 10:41:28.299 - Charset 'null' not found.
2024-03-31 10:41:28.299 - Charset 'null' not found.
2024-03-31 10:41:28.300 - Charset 'null' not found.
2024-03-31 10:41:28.300 - Charset 'null' not found.
2024-03-31 10:41:28.301 - Charset 'null' not found.
2024-03-31 10:41:28.301 - Charset 'null' not found.
2024-03-31 10:41:28.301 - Charset 'null' not found.
2024-03-31 10:41:28.302 - Charset 'null' not found.
2024-03-31 10:41:28.302 - Charset 'null' not found.
2024-03-31 10:41:28.303 - Charset 'null' not found.
2024-03-31 10:41:28.303 - Charset 'null' not found.
2024-03-31 10:41:28.303 - Charset 'null' not found.
2024-03-31 10:41:28.304 - Charset 'null' not found.
2024-03-31 10:41:28.304 - Charset 'null' not found.
2024-03-31 10:41:28.304 - Charset 'null' not found.
2024-03-31 10:41:28.305 - Charset 'null' not found.
2024-03-31 10:41:28.305 - Charset 'null' not found.
2024-03-31 10:41:28.306 - Charset 'null' not found.
2024-03-31 10:41:28.306 - Charset 'null' not found.
2024-03-31 10:41:28.306 - Charset 'null' not found.
2024-03-31 10:41:28.307 - Charset 'null' not found.
2024-03-31 10:41:28.307 - Charset 'null' not found.
2024-03-31 10:41:28.307 - Charset 'null' not found.
2024-03-31 10:41:28.308 - Charset 'null' not found.
2024-03-31 10:41:28.308 - Charset 'null' not found.
2024-03-31 10:41:28.309 - Charset 'null' not found.
2024-03-31 10:41:28.309 - Charset 'null' not found.
2024-03-31 10:41:28.309 - Charset 'null' not found.
2024-03-31 10:41:28.310 - Charset 'null' not found.
2024-03-31 10:41:28.310 - Charset 'null' not found.
2024-03-31 10:41:28.311 - Charset 'null' not found.
2024-03-31 10:41:28.311 - Charset 'null' not found.
2024-03-31 10:41:28.311 - Charset 'null' not found.
2024-03-31 10:41:28.312 - Charset 'null' not found.
2024-03-31 10:41:28.312 - Charset 'null' not found.
2024-03-31 10:41:28.312 - Charset 'null' not found.
2024-03-31 10:41:28.313 - Charset 'null' not found.
2024-03-31 10:41:28.313 - Charset 'null' not found.
2024-03-31 10:41:28.314 - Charset 'null' not found.
2024-03-31 10:41:28.314 - Charset 'null' not found.
2024-03-31 10:41:28.314 - Charset 'null' not found.
2024-03-31 10:41:28.315 - Charset 'null' not found.
2024-03-31 10:41:28.315 - Charset 'null' not found.
2024-03-31 10:41:28.316 - Charset 'null' not found.
2024-03-31 10:41:28.316 - Charset 'null' not found.
2024-03-31 10:41:28.317 - Charset 'null' not found.
2024-03-31 10:41:28.317 - Charset 'null' not found.
2024-03-31 10:41:28.318 - Charset 'null' not found.
2024-03-31 10:41:28.319 - Charset 'null' not found.
2024-03-31 10:41:28.319 - Charset 'null' not found.
2024-03-31 10:41:28.319 - Charset 'null' not found.
2024-03-31 10:41:28.320 - Charset 'null' not found.
2024-03-31 10:41:28.320 - Charset 'null' not found.
2024-03-31 10:41:28.321 - Charset 'null' not found.
2024-03-31 10:41:28.321 - Charset 'null' not found.
2024-03-31 10:41:28.321 - Charset 'null' not found.
2024-03-31 10:41:28.322 - Charset 'null' not found.
2024-03-31 10:41:28.322 - Charset 'null' not found.
2024-03-31 10:41:28.350 - Connected (mariaDB-18e922ae3d1-217e126806b0cdd5, MariaDB Connector/J [3.3.2])
> Start DBeaver SQL Terminal [org.jkiss.dbeaver.ui.editors.sql.terminal 1.0.103.202403241413]
> Start 핵심 비교 지원 [org.eclipse.compare.core 3.8.300.v20231106-1240]
> Start 콘솔 [org.eclipse.ui.console 3.13.100.v20230914-0751]
> Start 디버그 핵심 [org.eclipse.debug.core 3.21.200.v20231021-1513]
> Start DBeaver SQL Language Semantic Model [org.jkiss.dbeaver.model.lsm 1.0.22.202403241413]
2024-03-31 10:42:08.301 - Execution context opened (localhost; SQLEditor <Script-2.sql>; 2)
> Start DBeaver Data Transfer [org.jkiss.dbeaver.data.transfer 2.0.111.202403241413]
> Start DBeaver Tasks - Native Tools UI [org.jkiss.dbeaver.tasks.native.ui 1.0.105.202403241413]
> Start DBeaver Tasks - General UI [org.jkiss.dbeaver.tasks.ui 1.0.105.202403241413]
2024-03-31 10:42:18.571 - Execution context closed (localhost, 2)
2024-03-31 10:42:18.875 - DBeaver is stopping
2024-03-31 10:42:18.876 - Stop instance server
2024-03-31 10:42:19.881 - Instance server has been stopped
2024-03-31 10:42:19.881 - DBeaver shutdown completed
